<?xml version="1.0" encoding="UTF-8"?>
<!-- Generated by org.testng.reporters.JUnitReportReporter -->
<testsuite hostname="LAPTOP-GOMNDAJA" failures="0" tests="1" name="com.inetbanking.testCases.TC_ResetTest_002" time="0.379" errors="0" timestamp="2023-03-09T19:14:49 EST" skipped="0">
  <testcase classname="com.inetbanking.testCases.TC_ResetTest_002" name="ResetTEst" time="0.379"/>
  <system-out/>
</testsuite> <!-- com.inetbanking.testCases.TC_ResetTest_002 -->
