<?xml version="1.0" encoding="UTF-8"?>
<!-- Generated by org.testng.reporters.JUnitReportReporter -->
<testsuite hostname="LAPTOP-GOMNDAJA" failures="0" tests="4" name="com.inetbanking.testCases.TC_LoginTestDDT_003" time="39.710" errors="0" timestamp="2023-03-12T16:14:49 EDT" skipped="0">
  <testcase classname="com.inetbanking.testCases.TC_LoginTestDDT_003" name="LoginTestDDT" time="9.574"/>
  <system-out/>
  <testcase classname="com.inetbanking.testCases.TC_LoginTestDDT_003" name="LoginTestDDT" time="9.035"/>
  <system-out/>
  <testcase classname="com.inetbanking.testCases.TC_LoginTestDDT_003" name="LoginTestDDT" time="10.958"/>
  <system-out/>
  <testcase classname="com.inetbanking.testCases.TC_LoginTestDDT_003" name="LoginTestDDT" time="10.143"/>
  <system-out/>
</testsuite> <!-- com.inetbanking.testCases.TC_LoginTestDDT_003 -->
